

Started GET "/" for ::1 at 2015-03-19 01:17:49 -0400

Gem::LoadError (Specified 'sqlite3' for database adapter, but the gem is not loaded. Add `gem 'sqlite3'` to your Gemfile (and ensure its version is at the minimum required by ActiveRecord).):
  activerecord (4.2.0) lib/active_record/connection_adapters/connection_specification.rb:177:in `rescue in spec'
  activerecord (4.2.0) lib/active_record/connection_adapters/connection_specification.rb:174:in `spec'
  activerecord (4.2.0) lib/active_record/connection_handling.rb:50:in `establish_connection'
  activerecord (4.2.0) lib/active_record/railtie.rb:120:in `block (2 levels) in <class:Railtie>'
  activesupport (4.2.0) lib/active_support/lazy_load_hooks.rb:38:in `instance_eval'
  activesupport (4.2.0) lib/active_support/lazy_load_hooks.rb:38:in `execute_hook'
  activesupport (4.2.0) lib/active_support/lazy_load_hooks.rb:45:in `block in run_load_hooks'
  activesupport (4.2.0) lib/active_support/lazy_load_hooks.rb:44:in `each'
  activesupport (4.2.0) lib/active_support/lazy_load_hooks.rb:44:in `run_load_hooks'
  activerecord (4.2.0) lib/active_record/base.rb:316:in `<module:ActiveRecord>'
  activerecord (4.2.0) lib/active_record/base.rb:26:in `<top (required)>'
  activerecord (4.2.0) lib/active_record/migration.rb:384:in `connection'
  activerecord (4.2.0) lib/active_record/migration.rb:371:in `call'
  actionpack (4.2.0) lib/action_dispatch/middleware/callbacks.rb:29:in `block in call'
  activesupport (4.2.0) lib/active_support/callbacks.rb:88:in `call'
  activesupport (4.2.0) lib/active_support/callbacks.rb:88:in `_run_callbacks'
  activesupport (4.2.0) lib/active_support/callbacks.rb:734:in `_run_call_callbacks'
  activesupport (4.2.0) lib/active_support/callbacks.rb:81:in `run_callbacks'
  actionpack (4.2.0) lib/action_dispatch/middleware/callbacks.rb:27:in `call'
  actionpack (4.2.0) lib/action_dispatch/middleware/reloader.rb:73:in `call'
  actionpack (4.2.0) lib/action_dispatch/middleware/remote_ip.rb:78:in `call'
  actionpack (4.2.0) lib/action_dispatch/middleware/debug_exceptions.rb:17:in `call'
  web-console (2.1.2) lib/web_console/middleware.rb:37:in `call'
  actionpack (4.2.0) lib/action_dispatch/middleware/show_exceptions.rb:30:in `call'
  railties (4.2.0) lib/rails/rack/logger.rb:38:in `call_app'
  railties (4.2.0) lib/rails/rack/logger.rb:20:in `block in call'
  activesupport (4.2.0) lib/active_support/tagged_logging.rb:68:in `block in tagged'
  activesupport (4.2.0) lib/active_support/tagged_logging.rb:26:in `tagged'
  activesupport (4.2.0) lib/active_support/tagged_logging.rb:68:in `tagged'
  railties (4.2.0) lib/rails/rack/logger.rb:20:in `call'
  actionpack (4.2.0) lib/action_dispatch/middleware/request_id.rb:21:in `call'
  rack (1.6.0) lib/rack/methodoverride.rb:22:in `call'
  rack (1.6.0) lib/rack/runtime.rb:18:in `call'
  activesupport (4.2.0) lib/active_support/cache/strategy/local_cache_middleware.rb:28:in `call'
  rack (1.6.0) lib/rack/lock.rb:17:in `call'
  actionpack (4.2.0) lib/action_dispatch/middleware/static.rb:113:in `call'
  rack (1.6.0) lib/rack/sendfile.rb:113:in `call'
  railties (4.2.0) lib/rails/engine.rb:518:in `call'
  railties (4.2.0) lib/rails/application.rb:164:in `call'
  rack (1.6.0) lib/rack/lock.rb:17:in `call'
  rack (1.6.0) lib/rack/content_length.rb:15:in `call'
  rack (1.6.0) lib/rack/handler/webrick.rb:89:in `service'
  /Users/gengo/.rbenv/versions/2.1.4/lib/ruby/2.1.0/webrick/httpserver.rb:138:in `service'
  /Users/gengo/.rbenv/versions/2.1.4/lib/ruby/2.1.0/webrick/httpserver.rb:94:in `run'
  /Users/gengo/.rbenv/versions/2.1.4/lib/ruby/2.1.0/webrick/server.rb:295:in `block in start_thread'


  Rendered /Users/gengo/.rbenv/versions/2.1.4/lib/ruby/gems/2.1.0/gems/actionpack-4.2.0/lib/action_dispatch/middleware/templates/rescues/_source.erb (3.0ms)
  Rendered /Users/gengo/.rbenv/versions/2.1.4/lib/ruby/gems/2.1.0/gems/actionpack-4.2.0/lib/action_dispatch/middleware/templates/rescues/_trace.html.erb (1.5ms)
  Rendered /Users/gengo/.rbenv/versions/2.1.4/lib/ruby/gems/2.1.0/gems/actionpack-4.2.0/lib/action_dispatch/middleware/templates/rescues/_request_and_response.html.erb (0.8ms)
  Rendered /Users/gengo/.rbenv/versions/2.1.4/lib/ruby/gems/2.1.0/gems/actionpack-4.2.0/lib/action_dispatch/middleware/templates/rescues/diagnostics.html.erb within rescues/layout (21.1ms)
  Rendered /Users/gengo/.rbenv/versions/2.1.4/lib/ruby/gems/2.1.0/gems/web-console-2.1.2/lib/web_console/templates/_markup.html.erb (0.5ms)
  Rendered /Users/gengo/.rbenv/versions/2.1.4/lib/ruby/gems/2.1.0/gems/web-console-2.1.2/lib/web_console/templates/style.css.erb within layouts/inlined_string (0.4ms)
  Rendered /Users/gengo/.rbenv/versions/2.1.4/lib/ruby/gems/2.1.0/gems/web-console-2.1.2/lib/web_console/templates/_inner_console_markup.html.erb within layouts/inlined_string (0.3ms)
  Rendered /Users/gengo/.rbenv/versions/2.1.4/lib/ruby/gems/2.1.0/gems/web-console-2.1.2/lib/web_console/templates/_prompt_box_markup.html.erb within layouts/inlined_string (0.3ms)
  Rendered /Users/gengo/.rbenv/versions/2.1.4/lib/ruby/gems/2.1.0/gems/web-console-2.1.2/lib/web_console/templates/console.js.erb within layouts/javascript (19.7ms)
  Rendered /Users/gengo/.rbenv/versions/2.1.4/lib/ruby/gems/2.1.0/gems/web-console-2.1.2/lib/web_console/templates/main.js.erb within layouts/javascript (0.3ms)
  Rendered /Users/gengo/.rbenv/versions/2.1.4/lib/ruby/gems/2.1.0/gems/web-console-2.1.2/lib/web_console/templates/error_page.js.erb within layouts/javascript (0.4ms)
  Rendered /Users/gengo/.rbenv/versions/2.1.4/lib/ruby/gems/2.1.0/gems/web-console-2.1.2/lib/web_console/templates/index.html.erb (44.3ms)


Started GET "/" for ::1 at 2015-03-19 14:02:27 -0400
  [1m[36mActiveRecord::SchemaMigration Load (0.4ms)[0m  [1mSELECT "schema_migrations".* FROM "schema_migrations"[0m
Processing by UsersController#new as HTML
  Rendered users/new.html.erb within layouts/application (1.6ms)
Completed 200 OK in 180ms (Views: 164.1ms | ActiveRecord: 0.4ms)


Started GET "/assets/bootstrap-f8f2770940069ba9ef81b13cc1948ad0.css?body=1" for ::1 at 2015-03-19 14:02:28 -0400


Started GET "/assets/bootstrap-ee622b0f3ce5ab15ce1858ffeae4e11e.js?body=1" for ::1 at 2015-03-19 14:02:28 -0400


Started GET "/assets/application-f3a6190ae702debe35a513bca8b5c64f.css?body=1" for ::1 at 2015-03-19 14:02:28 -0400


Started GET "/assets/bootstrap-theme-d9b397ff23e46432e05bee0c6cf550a6.css?body=1" for ::1 at 2015-03-19 14:02:28 -0400


Started GET "/assets/one-e58de0df8e701f28316f743e975c32c2.css?body=1" for ::1 at 2015-03-19 14:02:28 -0400


Started GET "/assets/bootstrap.min-53cbfb980bb1576fb1031b08405b10a1.js?body=1" for ::1 at 2015-03-19 14:02:28 -0400


Started GET "/assets/jquery_ujs-e27bd20a10d28155845a22d71ef94f2f.js?body=1" for ::1 at 2015-03-19 14:02:28 -0400


Started GET "/assets/npm-cf403c5b64dd9b6845dc71b854213aa9.js?body=1" for ::1 at 2015-03-19 14:02:28 -0400


Started GET "/assets/jquery-87424c3c19e96d4fb033c10ebe21ec40.js?body=1" for ::1 at 2015-03-19 14:02:28 -0400


Started GET "/assets/turbolinks-f87b3583ca50adb0488b031297f5580d.js?body=1" for ::1 at 2015-03-19 14:02:28 -0400


Started GET "/assets/application-0ea275298440069356c9770dafd7cb77.js?body=1" for ::1 at 2015-03-19 14:02:28 -0400


Started GET "/sign_up" for ::1 at 2015-03-19 14:02:36 -0400
Processing by UsersController#new as HTML
  Rendered users/new.html.erb within layouts/application (0.3ms)
Completed 200 OK in 63ms (Views: 62.2ms | ActiveRecord: 0.0ms)


Started GET "/log_in" for ::1 at 2015-03-19 14:02:38 -0400
Processing by SessionsController#new as HTML
  Rendered sessions/new.html.erb within layouts/application (0.9ms)
Completed 200 OK in 59ms (Views: 58.8ms | ActiveRecord: 0.0ms)


Started GET "/log_in" for ::1 at 2015-03-19 14:02:43 -0400
Processing by SessionsController#new as HTML
  Rendered sessions/new.html.erb within layouts/application (0.9ms)
Completed 200 OK in 67ms (Views: 66.5ms | ActiveRecord: 0.0ms)


Started GET "/assets/bootstrap-theme-d9b397ff23e46432e05bee0c6cf550a6.css?body=1" for ::1 at 2015-03-19 14:02:43 -0400


Started GET "/assets/one-e58de0df8e701f28316f743e975c32c2.css?body=1" for ::1 at 2015-03-19 14:02:43 -0400


Started GET "/assets/bootstrap.min-53cbfb980bb1576fb1031b08405b10a1.js?body=1" for ::1 at 2015-03-19 14:02:43 -0400


Started GET "/assets/bootstrap-f8f2770940069ba9ef81b13cc1948ad0.css?body=1" for ::1 at 2015-03-19 14:02:43 -0400


Started GET "/assets/bootstrap-ee622b0f3ce5ab15ce1858ffeae4e11e.js?body=1" for ::1 at 2015-03-19 14:02:43 -0400


Started GET "/assets/application-f3a6190ae702debe35a513bca8b5c64f.css?body=1" for ::1 at 2015-03-19 14:02:43 -0400


Started GET "/assets/npm-cf403c5b64dd9b6845dc71b854213aa9.js?body=1" for ::1 at 2015-03-19 14:02:43 -0400


Started GET "/assets/jquery-87424c3c19e96d4fb033c10ebe21ec40.js?body=1" for ::1 at 2015-03-19 14:02:43 -0400


Started GET "/assets/jquery_ujs-e27bd20a10d28155845a22d71ef94f2f.js?body=1" for ::1 at 2015-03-19 14:02:43 -0400


Started GET "/assets/turbolinks-f87b3583ca50adb0488b031297f5580d.js?body=1" for ::1 at 2015-03-19 14:02:43 -0400


Started GET "/assets/application-0ea275298440069356c9770dafd7cb77.js?body=1" for ::1 at 2015-03-19 14:02:43 -0400


Started POST "/sessions" for ::1 at 2015-03-19 14:04:34 -0400
Processing by SessionsController#create as HTML
  Parameters: {"utf8"=>"✓", "authenticity_token"=>"2JmDTJxTqbWEkARbnobTruAY6L0d8zh9SO1OkUv3ThLpM9yM9so0oX+nV3VmGtKS+9AoLfTHmn5Gl8tm7+G6qA==", "email"=>"", "password"=>"[FILTERED]", "commit"=>"Log in"}
  [1m[35mUser Load (0.7ms)[0m  SELECT  "users".* FROM "users" WHERE "users"."email" = ? LIMIT 1  [["email", ""]]
Redirected to http://localhost:3000search
Completed 302 Found in 12ms (ActiveRecord: 0.7ms)


Started GET "/log_in" for ::1 at 2015-03-19 14:10:06 -0400
Processing by SessionsController#new as HTML
  Rendered sessions/new.html.erb within layouts/application (0.4ms)
Completed 200 OK in 68ms (Views: 67.0ms | ActiveRecord: 0.0ms)


Started GET "/assets/bootstrap-theme-d9b397ff23e46432e05bee0c6cf550a6.css?body=1" for ::1 at 2015-03-19 14:10:07 -0400


Started GET "/assets/one-e58de0df8e701f28316f743e975c32c2.css?body=1" for ::1 at 2015-03-19 14:10:07 -0400


Started GET "/assets/application-f3a6190ae702debe35a513bca8b5c64f.css?body=1" for ::1 at 2015-03-19 14:10:07 -0400


Started GET "/assets/bootstrap.min-53cbfb980bb1576fb1031b08405b10a1.js?body=1" for ::1 at 2015-03-19 14:10:07 -0400


Started GET "/assets/bootstrap-f8f2770940069ba9ef81b13cc1948ad0.css?body=1" for ::1 at 2015-03-19 14:10:07 -0400


Started GET "/assets/bootstrap-ee622b0f3ce5ab15ce1858ffeae4e11e.js?body=1" for ::1 at 2015-03-19 14:10:07 -0400


Started GET "/assets/npm-cf403c5b64dd9b6845dc71b854213aa9.js?body=1" for ::1 at 2015-03-19 14:10:07 -0400


Started GET "/assets/jquery-87424c3c19e96d4fb033c10ebe21ec40.js?body=1" for ::1 at 2015-03-19 14:10:07 -0400


Started GET "/assets/jquery_ujs-e27bd20a10d28155845a22d71ef94f2f.js?body=1" for ::1 at 2015-03-19 14:10:07 -0400


Started GET "/assets/turbolinks-f87b3583ca50adb0488b031297f5580d.js?body=1" for ::1 at 2015-03-19 14:10:07 -0400


Started GET "/assets/application-0ea275298440069356c9770dafd7cb77.js?body=1" for ::1 at 2015-03-19 14:10:07 -0400


Started GET "/index" for ::1 at 2015-03-19 14:10:27 -0400

ActionController::RoutingError (No route matches [GET] "/index"):
  actionpack (4.2.0) lib/action_dispatch/middleware/debug_exceptions.rb:21:in `call'
  web-console (2.1.2) lib/web_console/middleware.rb:37:in `call'
  actionpack (4.2.0) lib/action_dispatch/middleware/show_exceptions.rb:30:in `call'
  railties (4.2.0) lib/rails/rack/logger.rb:38:in `call_app'
  railties (4.2.0) lib/rails/rack/logger.rb:20:in `block in call'
  activesupport (4.2.0) lib/active_support/tagged_logging.rb:68:in `block in tagged'
  activesupport (4.2.0) lib/active_support/tagged_logging.rb:26:in `tagged'
  activesupport (4.2.0) lib/active_support/tagged_logging.rb:68:in `tagged'
  railties (4.2.0) lib/rails/rack/logger.rb:20:in `call'
  actionpack (4.2.0) lib/action_dispatch/middleware/request_id.rb:21:in `call'
  rack (1.6.0) lib/rack/methodoverride.rb:22:in `call'
  rack (1.6.0) lib/rack/runtime.rb:18:in `call'
  activesupport (4.2.0) lib/active_support/cache/strategy/local_cache_middleware.rb:28:in `call'
  rack (1.6.0) lib/rack/lock.rb:17:in `call'
  actionpack (4.2.0) lib/action_dispatch/middleware/static.rb:113:in `call'
  rack (1.6.0) lib/rack/sendfile.rb:113:in `call'
  railties (4.2.0) lib/rails/engine.rb:518:in `call'
  railties (4.2.0) lib/rails/application.rb:164:in `call'
  rack (1.6.0) lib/rack/lock.rb:17:in `call'
  rack (1.6.0) lib/rack/content_length.rb:15:in `call'
  rack (1.6.0) lib/rack/handler/webrick.rb:89:in `service'
  /Users/gengo/.rbenv/versions/2.1.4/lib/ruby/2.1.0/webrick/httpserver.rb:138:in `service'
  /Users/gengo/.rbenv/versions/2.1.4/lib/ruby/2.1.0/webrick/httpserver.rb:94:in `run'
  /Users/gengo/.rbenv/versions/2.1.4/lib/ruby/2.1.0/webrick/server.rb:295:in `block in start_thread'


  Rendered /Users/gengo/.rbenv/versions/2.1.4/lib/ruby/gems/2.1.0/gems/actionpack-4.2.0/lib/action_dispatch/middleware/templates/rescues/_trace.html.erb (2.0ms)
  Rendered /Users/gengo/.rbenv/versions/2.1.4/lib/ruby/gems/2.1.0/gems/actionpack-4.2.0/lib/action_dispatch/middleware/templates/routes/_route.html.erb (1.7ms)
  Rendered /Users/gengo/.rbenv/versions/2.1.4/lib/ruby/gems/2.1.0/gems/actionpack-4.2.0/lib/action_dispatch/middleware/templates/routes/_table.html.erb (9.1ms)
  Rendered /Users/gengo/.rbenv/versions/2.1.4/lib/ruby/gems/2.1.0/gems/actionpack-4.2.0/lib/action_dispatch/middleware/templates/rescues/_request_and_response.html.erb (2.2ms)
  Rendered /Users/gengo/.rbenv/versions/2.1.4/lib/ruby/gems/2.1.0/gems/actionpack-4.2.0/lib/action_dispatch/middleware/templates/rescues/routing_error.html.erb within rescues/layout (48.2ms)
  Rendered /Users/gengo/.rbenv/versions/2.1.4/lib/ruby/gems/2.1.0/gems/web-console-2.1.2/lib/web_console/templates/_markup.html.erb (0.4ms)
  Rendered /Users/gengo/.rbenv/versions/2.1.4/lib/ruby/gems/2.1.0/gems/web-console-2.1.2/lib/web_console/templates/style.css.erb within layouts/inlined_string (0.6ms)
  Rendered /Users/gengo/.rbenv/versions/2.1.4/lib/ruby/gems/2.1.0/gems/web-console-2.1.2/lib/web_console/templates/_inner_console_markup.html.erb within layouts/inlined_string (0.4ms)
  Rendered /Users/gengo/.rbenv/versions/2.1.4/lib/ruby/gems/2.1.0/gems/web-console-2.1.2/lib/web_console/templates/_prompt_box_markup.html.erb within layouts/inlined_string (0.3ms)
  Rendered /Users/gengo/.rbenv/versions/2.1.4/lib/ruby/gems/2.1.0/gems/web-console-2.1.2/lib/web_console/templates/console.js.erb within layouts/javascript (20.2ms)
  Rendered /Users/gengo/.rbenv/versions/2.1.4/lib/ruby/gems/2.1.0/gems/web-console-2.1.2/lib/web_console/templates/main.js.erb within layouts/javascript (0.3ms)
  Rendered /Users/gengo/.rbenv/versions/2.1.4/lib/ruby/gems/2.1.0/gems/web-console-2.1.2/lib/web_console/templates/error_page.js.erb within layouts/javascript (0.6ms)
  Rendered /Users/gengo/.rbenv/versions/2.1.4/lib/ruby/gems/2.1.0/gems/web-console-2.1.2/lib/web_console/templates/index.html.erb (41.7ms)


Started GET "/users" for ::1 at 2015-03-19 14:11:08 -0400
Processing by UsersController#index as HTML
  Rendered users/index.html.erb within layouts/application (0.3ms)
Completed 200 OK in 67ms (Views: 66.3ms | ActiveRecord: 0.0ms)


Started GET "/assets/bootstrap-theme-d9b397ff23e46432e05bee0c6cf550a6.css?body=1" for ::1 at 2015-03-19 14:11:08 -0400


Started GET "/assets/application-f3a6190ae702debe35a513bca8b5c64f.css?body=1" for ::1 at 2015-03-19 14:11:08 -0400


Started GET "/assets/bootstrap-f8f2770940069ba9ef81b13cc1948ad0.css?body=1" for ::1 at 2015-03-19 14:11:08 -0400


Started GET "/assets/one-e58de0df8e701f28316f743e975c32c2.css?body=1" for ::1 at 2015-03-19 14:11:08 -0400


Started GET "/assets/bootstrap-ee622b0f3ce5ab15ce1858ffeae4e11e.js?body=1" for ::1 at 2015-03-19 14:11:08 -0400


Started GET "/assets/bootstrap.min-53cbfb980bb1576fb1031b08405b10a1.js?body=1" for ::1 at 2015-03-19 14:11:08 -0400


Started GET "/assets/npm-cf403c5b64dd9b6845dc71b854213aa9.js?body=1" for ::1 at 2015-03-19 14:11:08 -0400


Started GET "/assets/jquery-87424c3c19e96d4fb033c10ebe21ec40.js?body=1" for ::1 at 2015-03-19 14:11:08 -0400


Started GET "/assets/jquery_ujs-e27bd20a10d28155845a22d71ef94f2f.js?body=1" for ::1 at 2015-03-19 14:11:08 -0400


Started GET "/assets/turbolinks-f87b3583ca50adb0488b031297f5580d.js?body=1" for ::1 at 2015-03-19 14:11:08 -0400


Started GET "/assets/application-0ea275298440069356c9770dafd7cb77.js?body=1" for ::1 at 2015-03-19 14:11:08 -0400


Started GET "/users/01" for ::1 at 2015-03-19 14:12:06 -0400
Processing by UsersController#show as HTML
  Parameters: {"id"=>"01"}
  [1m[36mUser Load (0.2ms)[0m  [1mSELECT  "users".* FROM "users" WHERE "users"."id" = ? LIMIT 1[0m  [["id", 1]]
Completed 404 Not Found in 3ms

ActiveRecord::RecordNotFound (Couldn't find User with 'id'=01):
  app/controllers/users_controller.rb:10:in `show'


  Rendered /Users/gengo/.rbenv/versions/2.1.4/lib/ruby/gems/2.1.0/gems/actionpack-4.2.0/lib/action_dispatch/middleware/templates/rescues/_source.erb (6.0ms)
  Rendered /Users/gengo/.rbenv/versions/2.1.4/lib/ruby/gems/2.1.0/gems/actionpack-4.2.0/lib/action_dispatch/middleware/templates/rescues/_trace.html.erb (3.0ms)
  Rendered /Users/gengo/.rbenv/versions/2.1.4/lib/ruby/gems/2.1.0/gems/actionpack-4.2.0/lib/action_dispatch/middleware/templates/rescues/_request_and_response.html.erb (0.9ms)
  Rendered /Users/gengo/.rbenv/versions/2.1.4/lib/ruby/gems/2.1.0/gems/actionpack-4.2.0/lib/action_dispatch/middleware/templates/rescues/diagnostics.html.erb within rescues/layout (22.7ms)
  Rendered /Users/gengo/.rbenv/versions/2.1.4/lib/ruby/gems/2.1.0/gems/web-console-2.1.2/lib/web_console/templates/_markup.html.erb (0.4ms)
  Rendered /Users/gengo/.rbenv/versions/2.1.4/lib/ruby/gems/2.1.0/gems/web-console-2.1.2/lib/web_console/templates/style.css.erb within layouts/inlined_string (0.2ms)
  Rendered /Users/gengo/.rbenv/versions/2.1.4/lib/ruby/gems/2.1.0/gems/web-console-2.1.2/lib/web_console/templates/_inner_console_markup.html.erb within layouts/inlined_string (0.2ms)
  Rendered /Users/gengo/.rbenv/versions/2.1.4/lib/ruby/gems/2.1.0/gems/web-console-2.1.2/lib/web_console/templates/_prompt_box_markup.html.erb within layouts/inlined_string (0.2ms)
  Rendered /Users/gengo/.rbenv/versions/2.1.4/lib/ruby/gems/2.1.0/gems/web-console-2.1.2/lib/web_console/templates/console.js.erb within layouts/javascript (11.7ms)
  Rendered /Users/gengo/.rbenv/versions/2.1.4/lib/ruby/gems/2.1.0/gems/web-console-2.1.2/lib/web_console/templates/main.js.erb within layouts/javascript (0.4ms)
  Rendered /Users/gengo/.rbenv/versions/2.1.4/lib/ruby/gems/2.1.0/gems/web-console-2.1.2/lib/web_console/templates/error_page.js.erb within layouts/javascript (0.4ms)
  Rendered /Users/gengo/.rbenv/versions/2.1.4/lib/ruby/gems/2.1.0/gems/web-console-2.1.2/lib/web_console/templates/index.html.erb (28.0ms)


Started GET "/" for ::1 at 2015-03-19 14:12:16 -0400
Processing by UsersController#new as HTML
  Rendered users/new.html.erb within layouts/application (0.0ms)
Completed 200 OK in 65ms (Views: 64.0ms | ActiveRecord: 0.0ms)


Started GET "/assets/bootstrap-theme-d9b397ff23e46432e05bee0c6cf550a6.css?body=1" for ::1 at 2015-03-19 14:12:17 -0400


Started GET "/assets/application-f3a6190ae702debe35a513bca8b5c64f.css?body=1" for ::1 at 2015-03-19 14:12:17 -0400


Started GET "/assets/bootstrap-f8f2770940069ba9ef81b13cc1948ad0.css?body=1" for ::1 at 2015-03-19 14:12:17 -0400


Started GET "/assets/one-e58de0df8e701f28316f743e975c32c2.css?body=1" for ::1 at 2015-03-19 14:12:17 -0400


Started GET "/assets/bootstrap.min-53cbfb980bb1576fb1031b08405b10a1.js?body=1" for ::1 at 2015-03-19 14:12:17 -0400


Started GET "/assets/bootstrap-ee622b0f3ce5ab15ce1858ffeae4e11e.js?body=1" for ::1 at 2015-03-19 14:12:17 -0400


Started GET "/assets/npm-cf403c5b64dd9b6845dc71b854213aa9.js?body=1" for ::1 at 2015-03-19 14:12:17 -0400


Started GET "/assets/jquery-87424c3c19e96d4fb033c10ebe21ec40.js?body=1" for ::1 at 2015-03-19 14:12:17 -0400


Started GET "/assets/jquery_ujs-e27bd20a10d28155845a22d71ef94f2f.js?body=1" for ::1 at 2015-03-19 14:12:17 -0400


Started GET "/assets/turbolinks-f87b3583ca50adb0488b031297f5580d.js?body=1" for ::1 at 2015-03-19 14:12:17 -0400


Started GET "/assets/application-0ea275298440069356c9770dafd7cb77.js?body=1" for ::1 at 2015-03-19 14:12:17 -0400


Started GET "/" for ::1 at 2015-03-19 14:21:27 -0400
Processing by UsersController#new as HTML
  Rendered users/new.html.erb within layouts/application (0.0ms)
Completed 200 OK in 60ms (Views: 59.0ms | ActiveRecord: 0.0ms)


Started GET "/assets/bootstrap-theme-d9b397ff23e46432e05bee0c6cf550a6.css?body=1" for ::1 at 2015-03-19 14:21:27 -0400


Started GET "/assets/bootstrap-ee622b0f3ce5ab15ce1858ffeae4e11e.js?body=1" for ::1 at 2015-03-19 14:21:27 -0400


Started GET "/assets/bootstrap-f8f2770940069ba9ef81b13cc1948ad0.css?body=1" for ::1 at 2015-03-19 14:21:27 -0400


Started GET "/assets/application-f3a6190ae702debe35a513bca8b5c64f.css?body=1" for ::1 at 2015-03-19 14:21:27 -0400


Started GET "/assets/one-e58de0df8e701f28316f743e975c32c2.css?body=1" for ::1 at 2015-03-19 14:21:27 -0400


Started GET "/assets/npm-cf403c5b64dd9b6845dc71b854213aa9.js?body=1" for ::1 at 2015-03-19 14:21:27 -0400


Started GET "/assets/bootstrap.min-53cbfb980bb1576fb1031b08405b10a1.js?body=1" for ::1 at 2015-03-19 14:21:27 -0400


Started GET "/assets/jquery-87424c3c19e96d4fb033c10ebe21ec40.js?body=1" for ::1 at 2015-03-19 14:21:27 -0400


Started GET "/assets/jquery_ujs-e27bd20a10d28155845a22d71ef94f2f.js?body=1" for ::1 at 2015-03-19 14:21:27 -0400


Started GET "/assets/turbolinks-f87b3583ca50adb0488b031297f5580d.js?body=1" for ::1 at 2015-03-19 14:21:27 -0400


Started GET "/assets/application-0ea275298440069356c9770dafd7cb77.js?body=1" for ::1 at 2015-03-19 14:21:27 -0400


Started GET "/" for ::1 at 2015-03-19 14:21:29 -0400
Processing by UsersController#new as HTML
  Rendered users/new.html.erb within layouts/application (0.0ms)
Completed 200 OK in 67ms (Views: 65.9ms | ActiveRecord: 0.0ms)


Started GET "/assets/bootstrap-theme-d9b397ff23e46432e05bee0c6cf550a6.css?body=1" for ::1 at 2015-03-19 14:21:30 -0400


Started GET "/assets/bootstrap-ee622b0f3ce5ab15ce1858ffeae4e11e.js?body=1" for ::1 at 2015-03-19 14:21:30 -0400


Started GET "/assets/application-f3a6190ae702debe35a513bca8b5c64f.css?body=1" for ::1 at 2015-03-19 14:21:30 -0400


Started GET "/assets/bootstrap.min-53cbfb980bb1576fb1031b08405b10a1.js?body=1" for ::1 at 2015-03-19 14:21:30 -0400


Started GET "/assets/one-e58de0df8e701f28316f743e975c32c2.css?body=1" for ::1 at 2015-03-19 14:21:30 -0400


Started GET "/assets/bootstrap-f8f2770940069ba9ef81b13cc1948ad0.css?body=1" for ::1 at 2015-03-19 14:21:30 -0400


Started GET "/assets/npm-cf403c5b64dd9b6845dc71b854213aa9.js?body=1" for ::1 at 2015-03-19 14:21:30 -0400


Started GET "/assets/jquery-87424c3c19e96d4fb033c10ebe21ec40.js?body=1" for ::1 at 2015-03-19 14:21:30 -0400


Started GET "/assets/jquery_ujs-e27bd20a10d28155845a22d71ef94f2f.js?body=1" for ::1 at 2015-03-19 14:21:30 -0400


Started GET "/assets/turbolinks-f87b3583ca50adb0488b031297f5580d.js?body=1" for ::1 at 2015-03-19 14:21:30 -0400


Started GET "/assets/application-0ea275298440069356c9770dafd7cb77.js?body=1" for ::1 at 2015-03-19 14:21:30 -0400


Started GET "/sign_up" for ::1 at 2015-03-19 14:21:37 -0400
Processing by UsersController#new as HTML
  Rendered users/new.html.erb within layouts/application (0.0ms)
Completed 200 OK in 69ms (Views: 69.0ms | ActiveRecord: 0.0ms)


Started GET "/log_in" for ::1 at 2015-03-19 14:21:40 -0400
Processing by SessionsController#new as HTML
  Rendered sessions/new.html.erb within layouts/application (0.5ms)
Completed 200 OK in 62ms (Views: 61.5ms | ActiveRecord: 0.0ms)


Started GET "/sign_up" for ::1 at 2015-03-19 14:22:02 -0400
Processing by UsersController#new as HTML
  Rendered users/new.html.erb within layouts/application (0.1ms)
Completed 200 OK in 63ms (Views: 62.6ms | ActiveRecord: 0.0ms)


Started GET "/log_in" for ::1 at 2015-03-19 14:22:04 -0400
Processing by SessionsController#new as HTML
  Rendered sessions/new.html.erb within layouts/application (0.5ms)
Completed 200 OK in 63ms (Views: 62.7ms | ActiveRecord: 0.0ms)


Started POST "/sessions" for ::1 at 2015-03-19 14:22:06 -0400
Processing by SessionsController#create as HTML
  Parameters: {"utf8"=>"✓", "authenticity_token"=>"b1zxQgOopq0QhV715SQY9nWS8FrUw1oDAZkRaeqyOQ5e9q6CaTE7ueuyDdsduBnKblowyj33+AAP45SeTqTNtA==", "email"=>"", "password"=>"[FILTERED]", "commit"=>"Log in"}
  [1m[35mUser Load (0.1ms)[0m  SELECT  "users".* FROM "users" WHERE "users"."email" = ? LIMIT 1  [["email", ""]]
Redirected to http://localhost:3000search
Completed 302 Found in 1ms (ActiveRecord: 0.1ms)


Started POST "/sessions" for ::1 at 2015-03-19 14:22:06 -0400
Processing by SessionsController#create as HTML
  Parameters: {"utf8"=>"✓", "authenticity_token"=>"b1zxQgOopq0QhV715SQY9nWS8FrUw1oDAZkRaeqyOQ5e9q6CaTE7ueuyDdsduBnKblowyj33+AAP45SeTqTNtA==", "email"=>"", "password"=>"[FILTERED]", "commit"=>"Log in"}
  [1m[36mUser Load (0.2ms)[0m  [1mSELECT  "users".* FROM "users" WHERE "users"."email" = ? LIMIT 1[0m  [["email", ""]]
Redirected to http://localhost:3000search
Completed 302 Found in 2ms (ActiveRecord: 0.2ms)


Started GET "/" for ::1 at 2015-03-19 21:30:43 -0400
  [1m[36mActiveRecord::SchemaMigration Load (0.4ms)[0m  [1mSELECT "schema_migrations".* FROM "schema_migrations"[0m
Processing by UsersController#new as HTML
  Rendered users/new.html.erb within layouts/application (1.5ms)
Completed 200 OK in 181ms (Views: 168.3ms | ActiveRecord: 0.3ms)


Started GET "/assets/bootstrap-theme-d9b397ff23e46432e05bee0c6cf550a6.css?body=1" for ::1 at 2015-03-19 21:30:44 -0400


Started GET "/assets/bootstrap-f8f2770940069ba9ef81b13cc1948ad0.css?body=1" for ::1 at 2015-03-19 21:30:44 -0400


Started GET "/assets/application-f3a6190ae702debe35a513bca8b5c64f.css?body=1" for ::1 at 2015-03-19 21:30:44 -0400


Started GET "/assets/bootstrap.min-53cbfb980bb1576fb1031b08405b10a1.js?body=1" for ::1 at 2015-03-19 21:30:44 -0400


Started GET "/assets/one-e58de0df8e701f28316f743e975c32c2.css?body=1" for ::1 at 2015-03-19 21:30:44 -0400


Started GET "/assets/bootstrap-ee622b0f3ce5ab15ce1858ffeae4e11e.js?body=1" for ::1 at 2015-03-19 21:30:44 -0400


Started GET "/assets/npm-cf403c5b64dd9b6845dc71b854213aa9.js?body=1" for ::1 at 2015-03-19 21:30:44 -0400


Started GET "/assets/jquery-87424c3c19e96d4fb033c10ebe21ec40.js?body=1" for ::1 at 2015-03-19 21:30:44 -0400


Started GET "/assets/turbolinks-f87b3583ca50adb0488b031297f5580d.js?body=1" for ::1 at 2015-03-19 21:30:44 -0400


Started GET "/assets/application-0ea275298440069356c9770dafd7cb77.js?body=1" for ::1 at 2015-03-19 21:30:44 -0400


Started GET "/assets/jquery_ujs-e27bd20a10d28155845a22d71ef94f2f.js?body=1" for ::1 at 2015-03-19 21:30:44 -0400


Started GET "/sign_up" for ::1 at 2015-03-19 21:31:08 -0400
Processing by UsersController#new as HTML
  Rendered users/new.html.erb within layouts/application (0.2ms)
Completed 200 OK in 67ms (Views: 66.2ms | ActiveRecord: 0.0ms)


Started GET "/log_in" for ::1 at 2015-03-19 21:31:10 -0400
Processing by SessionsController#new as HTML
  Rendered sessions/new.html.erb within layouts/application (1.1ms)
Completed 200 OK in 69ms (Views: 69.0ms | ActiveRecord: 0.0ms)


Started GET "/" for ::1 at 2015-03-19 21:45:07 -0400
  [1m[36mActiveRecord::SchemaMigration Load (0.1ms)[0m  [1mSELECT "schema_migrations".* FROM "schema_migrations"[0m
Processing by UsersController#new as HTML
  Rendered users/new.html.erb within layouts/application (1.1ms)
Completed 200 OK in 124ms (Views: 110.7ms | ActiveRecord: 0.3ms)


Started GET "/assets/bootstrap-theme-d9b397ff23e46432e05bee0c6cf550a6.css?body=1" for ::1 at 2015-03-19 21:45:07 -0400


Started GET "/assets/one-e58de0df8e701f28316f743e975c32c2.css?body=1" for ::1 at 2015-03-19 21:45:07 -0400


Started GET "/assets/application-f3a6190ae702debe35a513bca8b5c64f.css?body=1" for ::1 at 2015-03-19 21:45:07 -0400


Started GET "/assets/bootstrap-f8f2770940069ba9ef81b13cc1948ad0.css?body=1" for ::1 at 2015-03-19 21:45:07 -0400


Started GET "/assets/bootstrap-ee622b0f3ce5ab15ce1858ffeae4e11e.js?body=1" for ::1 at 2015-03-19 21:45:07 -0400


Started GET "/assets/bootstrap.min-53cbfb980bb1576fb1031b08405b10a1.js?body=1" for ::1 at 2015-03-19 21:45:07 -0400


Started GET "/assets/npm-cf403c5b64dd9b6845dc71b854213aa9.js?body=1" for ::1 at 2015-03-19 21:45:07 -0400


Started GET "/assets/jquery-87424c3c19e96d4fb033c10ebe21ec40.js?body=1" for ::1 at 2015-03-19 21:45:07 -0400


Started GET "/assets/jquery_ujs-e27bd20a10d28155845a22d71ef94f2f.js?body=1" for ::1 at 2015-03-19 21:45:07 -0400


Started GET "/assets/turbolinks-f87b3583ca50adb0488b031297f5580d.js?body=1" for ::1 at 2015-03-19 21:45:07 -0400


Started GET "/assets/application-0ea275298440069356c9770dafd7cb77.js?body=1" for ::1 at 2015-03-19 21:45:07 -0400


Started GET "/sign_up" for ::1 at 2015-03-19 21:45:16 -0400
Processing by UsersController#new as HTML
  Rendered users/new.html.erb within layouts/application (0.3ms)
Completed 200 OK in 65ms (Views: 64.6ms | ActiveRecord: 0.0ms)


Started GET "/log_in" for ::1 at 2015-03-19 21:45:18 -0400
Processing by SessionsController#new as HTML
  Rendered sessions/new.html.erb within layouts/application (1.1ms)
Completed 200 OK in 65ms (Views: 64.1ms | ActiveRecord: 0.0ms)


Started GET "/log_in" for ::1 at 2015-03-19 21:45:21 -0400
Processing by SessionsController#new as HTML
  Rendered sessions/new.html.erb within layouts/application (0.7ms)
Completed 200 OK in 73ms (Views: 72.1ms | ActiveRecord: 0.0ms)


Started GET "/sign_up" for ::1 at 2015-03-19 21:45:22 -0400
Processing by UsersController#new as HTML
  Rendered users/new.html.erb within layouts/application (0.2ms)
Completed 200 OK in 65ms (Views: 63.9ms | ActiveRecord: 0.0ms)


Started GET "/log_in" for ::1 at 2015-03-19 21:45:34 -0400
Processing by SessionsController#new as HTML
  Rendered sessions/new.html.erb within layouts/application (0.7ms)
Completed 200 OK in 64ms (Views: 64.0ms | ActiveRecord: 0.0ms)


Started POST "/sessions" for ::1 at 2015-03-19 21:45:52 -0400
Processing by SessionsController#create as HTML
  Parameters: {"utf8"=>"✓", "authenticity_token"=>"YVFsfb8UflaacWL4ryjPKHcYie+QyPxsbLcN9wCF3V1Q+zO91Y3jQmFGMdZXtM4UbNBJf3n8Xm9izYgApJMp5w==", "email"=>"ggorta@gmail.com", "password"=>"[FILTERED]", "commit"=>"Log in"}
  [1m[35mUser Load (1.2ms)[0m  SELECT  "users".* FROM "users" WHERE "users"."email" = ? LIMIT 1  [["email", "ggorta@gmail.com"]]
Redirected to http://localhost:5432search
Completed 302 Found in 14ms (ActiveRecord: 1.2ms)


Started POST "/sessions" for ::1 at 2015-03-19 21:45:52 -0400
Processing by SessionsController#create as HTML
  Parameters: {"utf8"=>"✓", "authenticity_token"=>"YVFsfb8UflaacWL4ryjPKHcYie+QyPxsbLcN9wCF3V1Q+zO91Y3jQmFGMdZXtM4UbNBJf3n8Xm9izYgApJMp5w==", "email"=>"ggorta@gmail.com", "password"=>"[FILTERED]", "commit"=>"Log in"}
  [1m[36mUser Load (0.1ms)[0m  [1mSELECT  "users".* FROM "users" WHERE "users"."email" = ? LIMIT 1[0m  [["email", "ggorta@gmail.com"]]
Redirected to http://localhost:5432search
Completed 302 Found in 1ms (ActiveRecord: 0.1ms)


Started GET "/sessions" for ::1 at 2015-03-19 21:46:02 -0400

AbstractController::ActionNotFound (The action 'index' could not be found for SessionsController):
  actionpack (4.2.0) lib/abstract_controller/base.rb:132:in `process'
  actionview (4.2.0) lib/action_view/rendering.rb:30:in `process'
  actionpack (4.2.0) lib/action_controller/metal.rb:195:in `dispatch'
  actionpack (4.2.0) lib/action_controller/metal/rack_delegation.rb:13:in `dispatch'
  actionpack (4.2.0) lib/action_controller/metal.rb:236:in `block in action'
  actionpack (4.2.0) lib/action_dispatch/routing/route_set.rb:73:in `call'
  actionpack (4.2.0) lib/action_dispatch/routing/route_set.rb:73:in `dispatch'
  actionpack (4.2.0) lib/action_dispatch/routing/route_set.rb:42:in `serve'
  actionpack (4.2.0) lib/action_dispatch/journey/router.rb:43:in `block in serve'
  actionpack (4.2.0) lib/action_dispatch/journey/router.rb:30:in `each'
  actionpack (4.2.0) lib/action_dispatch/journey/router.rb:30:in `serve'
  actionpack (4.2.0) lib/action_dispatch/routing/route_set.rb:802:in `call'
  rack (1.6.0) lib/rack/etag.rb:24:in `call'
  rack (1.6.0) lib/rack/conditionalget.rb:25:in `call'
  rack (1.6.0) lib/rack/head.rb:13:in `call'
  actionpack (4.2.0) lib/action_dispatch/middleware/params_parser.rb:27:in `call'
  actionpack (4.2.0) lib/action_dispatch/middleware/flash.rb:260:in `call'
  rack (1.6.0) lib/rack/session/abstract/id.rb:225:in `context'
  rack (1.6.0) lib/rack/session/abstract/id.rb:220:in `call'
  actionpack (4.2.0) lib/action_dispatch/middleware/cookies.rb:560:in `call'
  activerecord (4.2.0) lib/active_record/query_cache.rb:36:in `call'
  activerecord (4.2.0) lib/active_record/connection_adapters/abstract/connection_pool.rb:647:in `call'
  activerecord (4.2.0) lib/active_record/migration.rb:378:in `call'
  actionpack (4.2.0) lib/action_dispatch/middleware/callbacks.rb:29:in `block in call'
  activesupport (4.2.0) lib/active_support/callbacks.rb:88:in `call'
  activesupport (4.2.0) lib/active_support/callbacks.rb:88:in `_run_callbacks'
  activesupport (4.2.0) lib/active_support/callbacks.rb:734:in `_run_call_callbacks'
  activesupport (4.2.0) lib/active_support/callbacks.rb:81:in `run_callbacks'
  actionpack (4.2.0) lib/action_dispatch/middleware/callbacks.rb:27:in `call'
  actionpack (4.2.0) lib/action_dispatch/middleware/reloader.rb:73:in `call'
  actionpack (4.2.0) lib/action_dispatch/middleware/remote_ip.rb:78:in `call'
  actionpack (4.2.0) lib/action_dispatch/middleware/debug_exceptions.rb:17:in `call'
  web-console (2.1.2) lib/web_console/middleware.rb:37:in `call'
  actionpack (4.2.0) lib/action_dispatch/middleware/show_exceptions.rb:30:in `call'
  railties (4.2.0) lib/rails/rack/logger.rb:38:in `call_app'
  railties (4.2.0) lib/rails/rack/logger.rb:20:in `block in call'
  activesupport (4.2.0) lib/active_support/tagged_logging.rb:68:in `block in tagged'
  activesupport (4.2.0) lib/active_support/tagged_logging.rb:26:in `tagged'
  activesupport (4.2.0) lib/active_support/tagged_logging.rb:68:in `tagged'
  railties (4.2.0) lib/rails/rack/logger.rb:20:in `call'
  actionpack (4.2.0) lib/action_dispatch/middleware/request_id.rb:21:in `call'
  rack (1.6.0) lib/rack/methodoverride.rb:22:in `call'
  rack (1.6.0) lib/rack/runtime.rb:18:in `call'
  activesupport (4.2.0) lib/active_support/cache/strategy/local_cache_middleware.rb:28:in `call'
  rack (1.6.0) lib/rack/lock.rb:17:in `call'
  actionpack (4.2.0) lib/action_dispatch/middleware/static.rb:113:in `call'
  rack (1.6.0) lib/rack/sendfile.rb:113:in `call'
  railties (4.2.0) lib/rails/engine.rb:518:in `call'
  railties (4.2.0) lib/rails/application.rb:164:in `call'
  rack (1.6.0) lib/rack/lock.rb:17:in `call'
  rack (1.6.0) lib/rack/content_length.rb:15:in `call'
  rack (1.6.0) lib/rack/handler/webrick.rb:89:in `service'
  /Users/gengo/.rbenv/versions/2.1.4/lib/ruby/2.1.0/webrick/httpserver.rb:138:in `service'
  /Users/gengo/.rbenv/versions/2.1.4/lib/ruby/2.1.0/webrick/httpserver.rb:94:in `run'
  /Users/gengo/.rbenv/versions/2.1.4/lib/ruby/2.1.0/webrick/server.rb:295:in `block in start_thread'


  Rendered /Users/gengo/.rbenv/versions/2.1.4/lib/ruby/gems/2.1.0/gems/actionpack-4.2.0/lib/action_dispatch/middleware/templates/rescues/unknown_action.html.erb within rescues/layout (0.5ms)
  Rendered /Users/gengo/.rbenv/versions/2.1.4/lib/ruby/gems/2.1.0/gems/web-console-2.1.2/lib/web_console/templates/_markup.html.erb (0.6ms)
  Rendered /Users/gengo/.rbenv/versions/2.1.4/lib/ruby/gems/2.1.0/gems/web-console-2.1.2/lib/web_console/templates/style.css.erb within layouts/inlined_string (0.5ms)
  Rendered /Users/gengo/.rbenv/versions/2.1.4/lib/ruby/gems/2.1.0/gems/web-console-2.1.2/lib/web_console/templates/_inner_console_markup.html.erb within layouts/inlined_string (0.5ms)
  Rendered /Users/gengo/.rbenv/versions/2.1.4/lib/ruby/gems/2.1.0/gems/web-console-2.1.2/lib/web_console/templates/_prompt_box_markup.html.erb within layouts/inlined_string (0.5ms)
  Rendered /Users/gengo/.rbenv/versions/2.1.4/lib/ruby/gems/2.1.0/gems/web-console-2.1.2/lib/web_console/templates/console.js.erb within layouts/javascript (20.4ms)
  Rendered /Users/gengo/.rbenv/versions/2.1.4/lib/ruby/gems/2.1.0/gems/web-console-2.1.2/lib/web_console/templates/main.js.erb within layouts/javascript (0.4ms)
  Rendered /Users/gengo/.rbenv/versions/2.1.4/lib/ruby/gems/2.1.0/gems/web-console-2.1.2/lib/web_console/templates/error_page.js.erb within layouts/javascript (0.9ms)
  Rendered /Users/gengo/.rbenv/versions/2.1.4/lib/ruby/gems/2.1.0/gems/web-console-2.1.2/lib/web_console/templates/index.html.erb (48.5ms)


Started GET "/" for ::1 at 2015-03-19 21:48:54 -0400
Processing by UsersController#new as HTML
  Rendered users/new.html.erb within layouts/application (0.1ms)
Completed 200 OK in 72ms (Views: 71.2ms | ActiveRecord: 0.0ms)


Started GET "/sign_up" for ::1 at 2015-03-19 21:48:57 -0400
Processing by UsersController#new as HTML
  Rendered users/new.html.erb within layouts/application (0.1ms)
Completed 200 OK in 69ms (Views: 68.1ms | ActiveRecord: 0.0ms)


Started GET "/sign_up" for ::1 at 2015-03-19 21:48:59 -0400
Processing by UsersController#new as HTML
  Rendered users/new.html.erb within layouts/application (0.0ms)
Completed 200 OK in 63ms (Views: 62.8ms | ActiveRecord: 0.0ms)


Started GET "/log_in" for ::1 at 2015-03-19 21:49:00 -0400
Processing by SessionsController#new as HTML
  Rendered sessions/new.html.erb within layouts/application (0.9ms)
Completed 200 OK in 70ms (Views: 69.8ms | ActiveRecord: 0.0ms)


Started GET "/sign_up" for ::1 at 2015-03-19 21:49:10 -0400
Processing by UsersController#new as HTML
  Rendered users/new.html.erb within layouts/application (0.1ms)
Completed 200 OK in 65ms (Views: 64.9ms | ActiveRecord: 0.0ms)


Started GET "/sign_up" for ::1 at 2015-03-19 21:49:11 -0400
Processing by UsersController#new as HTML
  Rendered users/new.html.erb within layouts/application (0.0ms)
Completed 200 OK in 73ms (Views: 72.1ms | ActiveRecord: 0.0ms)


Started GET "/sign_up" for ::1 at 2015-03-19 21:49:12 -0400
Processing by UsersController#new as HTML
  Rendered users/new.html.erb within layouts/application (0.1ms)
Completed 200 OK in 68ms (Views: 67.0ms | ActiveRecord: 0.0ms)


Started GET "/sign_up" for ::1 at 2015-03-19 21:49:12 -0400
Processing by UsersController#new as HTML
  Rendered users/new.html.erb within layouts/application (0.1ms)
Completed 200 OK in 63ms (Views: 62.1ms | ActiveRecord: 0.0ms)


Started GET "/sign_up" for ::1 at 2015-03-19 21:49:13 -0400
Processing by UsersController#new as HTML
  Rendered users/new.html.erb within layouts/application (0.0ms)
Completed 200 OK in 65ms (Views: 64.6ms | ActiveRecord: 0.0ms)


Started GET "/log_in" for ::1 at 2015-03-19 21:49:16 -0400
Processing by SessionsController#new as HTML
  Rendered sessions/new.html.erb within layouts/application (0.7ms)
Completed 200 OK in 63ms (Views: 62.2ms | ActiveRecord: 0.0ms)
